0 info it worked if it ends with ok
1 verbose cli [ 'C:\\Program Files (x86)\\nodejs\\node.exe',
1 verbose cli   'C:\\Program Files (x86)\\nodejs\\node_modules\\npm\\bin\\npm-cli.js',
1 verbose cli   'install',
1 verbose cli   'socket.io' ]
2 info using npm@2.15.1
3 info using node@v4.4.3
4 verbose install initial load of d:\new\JavaScript\Ksu\chess\package.json
5 verbose readDependencies loading dependencies from d:\new\JavaScript\Ksu\chess\package.json
6 silly cache add args [ 'socket.io', null ]
7 verbose cache add spec socket.io
8 silly cache add parsed spec Result {
8 silly cache add   raw: 'socket.io',
8 silly cache add   scope: null,
8 silly cache add   name: 'socket.io',
8 silly cache add   rawSpec: '',
8 silly cache add   spec: 'latest',
8 silly cache add   type: 'tag' }
9 silly addNamed socket.io@latest
10 verbose addNamed "latest" is being treated as a dist-tag for socket.io
11 info addNameTag [ 'socket.io', 'latest' ]
12 silly mapToRegistry name socket.io
13 silly mapToRegistry using default registry
14 silly mapToRegistry registry https://registry.npmjs.org/
15 silly mapToRegistry data Result {
15 silly mapToRegistry   raw: 'socket.io',
15 silly mapToRegistry   scope: null,
15 silly mapToRegistry   name: 'socket.io',
15 silly mapToRegistry   rawSpec: '',
15 silly mapToRegistry   spec: 'latest',
15 silly mapToRegistry   type: 'tag' }
16 silly mapToRegistry uri https://registry.npmjs.org/socket.io
17 verbose addNameTag registry:https://registry.npmjs.org/socket.io not in flight; fetching
18 verbose request uri https://registry.npmjs.org/socket.io
19 verbose request no auth needed
20 info attempt registry request try #1 at 09:32:13
21 verbose request id d27c6e5dbde38910
22 http request GET https://registry.npmjs.org/socket.io
23 info retry will retry, error on last attempt: Error: connect ENOTCONN 185.31.17.162:443
24 info attempt registry request try #2 at 09:32:24
25 http request GET https://registry.npmjs.org/socket.io
26 info retry will retry, error on last attempt: Error: connect ENOTCONN 185.31.17.162:443
27 info attempt registry request try #3 at 09:33:26
28 http request GET https://registry.npmjs.org/socket.io
29 verbose stack Error: connect ENOTCONN 185.31.17.162:443
29 verbose stack     at Object.exports._errnoException (util.js:870:11)
29 verbose stack     at exports._exceptionWithHostPort (util.js:893:20)
29 verbose stack     at TCPConnectWrap.afterConnect [as oncomplete] (net.js:1061:14)
30 verbose cwd d:\new\JavaScript\Ksu\chess
31 error Windows_NT 6.1.7601
32 error argv "C:\\Program Files (x86)\\nodejs\\node.exe" "C:\\Program Files (x86)\\nodejs\\node_modules\\npm\\bin\\npm-cli.js" "install" "socket.io"
33 error node v4.4.3
34 error npm  v2.15.1
35 error code ENOTCONN
36 error errno ENOTCONN
37 error syscall connect
38 error connect ENOTCONN 185.31.17.162:443
39 error If you need help, you may report this error at:
39 error     <https://github.com/npm/npm/issues>
40 verbose exit [ 1, true ]
